[1222/141838.532:ERROR:process_reader_win.cc(123)] NtOpenThread: {Отказано в доступе} Процесс запросил доступ к объекту, но права на доступ не предоставлены.  (0xc0000022)
[1222/141838.535:ERROR:exception_snapshot_win.cc(87)] thread ID 2168 not found in process
[1222/141838.536:WARNING:crash_report_exception_handler.cc(62)] ProcessSnapshotWin::Initialize failed
[1222/144759.539:ERROR:process_reader_win.cc(123)] NtOpenThread: {Отказано в доступе} Процесс запросил доступ к объекту, но права на доступ не предоставлены.  (0xc0000022)
[1222/144759.539:ERROR:exception_snapshot_win.cc(87)] thread ID 9136 not found in process
[1222/144759.539:WARNING:crash_report_exception_handler.cc(62)] ProcessSnapshotWin::Initialize failed
[1222/151529.402:ERROR:process_reader_win.cc(123)] NtOpenThread: {Отказано в доступе} Процесс запросил доступ к объекту, но права на доступ не предоставлены.  (0xc0000022)
[1222/151529.404:ERROR:exception_snapshot_win.cc(87)] thread ID 11580 not found in process
[1222/151529.405:WARNING:crash_report_exception_handler.cc(62)] ProcessSnapshotWin::Initialize failed
[1222/152600.738:ERROR:process_reader_win.cc(151)] SuspendThread: Отказано в доступе. (0x5)
[1222/152600.754:ERROR:process_reader_win.cc(151)] SuspendThread: Отказано в доступе. (0x5)
[1222/152600.754:ERROR:process_reader_win.cc(151)] SuspendThread: Отказано в доступе. (0x5)
[1222/152600.754:ERROR:process_reader_win.cc(151)] SuspendThread: Отказано в доступе. (0x5)
[1222/152600.754:ERROR:process_reader_win.cc(151)] SuspendThread: Отказано в доступе. (0x5)
[1222/152600.754:ERROR:process_reader_win.cc(151)] SuspendThread: Отказано в доступе. (0x5)
[1222/152600.754:ERROR:process_reader_win.cc(123)] NtOpenThread: {Отказано в доступе} Процесс запросил доступ к объекту, но права на доступ не предоставлены.  (0xc0000022)
[1222/152600.754:ERROR:exception_snapshot_win.cc(87)] thread ID 3668 not found in process
[1222/152600.754:WARNING:crash_report_exception_handler.cc(62)] ProcessSnapshotWin::Initialize failed
[1222/152652.530:ERROR:process_reader_win.cc(151)] SuspendThread: Отказано в доступе. (0x5)
[1222/152652.532:ERROR:process_reader_win.cc(151)] SuspendThread: Отказано в доступе. (0x5)
[1222/152652.532:ERROR:process_reader_win.cc(151)] SuspendThread: Отказано в доступе. (0x5)
[1222/152652.532:ERROR:process_reader_win.cc(123)] NtOpenThread: {Отказано в доступе} Процесс запросил доступ к объекту, но права на доступ не предоставлены.  (0xc0000022)
[1222/152652.532:ERROR:exception_snapshot_win.cc(87)] thread ID 10964 not found in process
[1222/152652.532:WARNING:crash_report_exception_handler.cc(62)] ProcessSnapshotWin::Initialize failed
[1222/152748.568:ERROR:process_reader_win.cc(123)] NtOpenThread: {Отказано в доступе} Процесс запросил доступ к объекту, но права на доступ не предоставлены.  (0xc0000022)
[1222/152748.570:ERROR:exception_snapshot_win.cc(87)] thread ID 8048 not found in process
[1222/152748.570:WARNING:crash_report_exception_handler.cc(62)] ProcessSnapshotWin::Initialize failed
[1225/153447.132:ERROR:process_reader_win.cc(151)] SuspendThread: Отказано в доступе. (0x5)
[1225/153447.136:ERROR:process_reader_win.cc(151)] SuspendThread: Отказано в доступе. (0x5)
[1225/153447.136:ERROR:process_reader_win.cc(151)] SuspendThread: Отказано в доступе. (0x5)
[1225/153447.136:ERROR:process_reader_win.cc(151)] SuspendThread: Отказано в доступе. (0x5)
[1225/153447.137:ERROR:process_reader_win.cc(151)] SuspendThread: Отказано в доступе. (0x5)
[1225/153447.137:ERROR:process_reader_win.cc(123)] NtOpenThread: {Отказано в доступе} Процесс запросил доступ к объекту, но права на доступ не предоставлены.  (0xc0000022)
[1225/153447.137:ERROR:exception_snapshot_win.cc(87)] thread ID 11720 not found in process
[1225/153447.137:WARNING:crash_report_exception_handler.cc(62)] ProcessSnapshotWin::Initialize failed
[1225/173412.175:ERROR:process_reader_win.cc(123)] NtOpenThread: {Отказано в доступе} Процесс запросил доступ к объекту, но права на доступ не предоставлены.  (0xc0000022)
[1225/173412.178:ERROR:exception_snapshot_win.cc(87)] thread ID 8352 not found in process
[1225/173412.178:WARNING:crash_report_exception_handler.cc(62)] ProcessSnapshotWin::Initialize failed
[1225/173949.136:ERROR:process_reader_win.cc(151)] SuspendThread: Отказано в доступе. (0x5)
[1225/173949.155:ERROR:process_reader_win.cc(151)] SuspendThread: Отказано в доступе. (0x5)
[1225/173949.155:ERROR:process_reader_win.cc(151)] SuspendThread: Отказано в доступе. (0x5)
[1225/173949.155:ERROR:process_reader_win.cc(151)] SuspendThread: Отказано в доступе. (0x5)
[1225/173949.155:ERROR:process_reader_win.cc(151)] SuspendThread: Отказано в доступе. (0x5)
[1225/173949.155:ERROR:process_reader_win.cc(151)] SuspendThread: Отказано в доступе. (0x5)
[1225/173949.155:ERROR:process_reader_win.cc(151)] SuspendThread: Отказано в доступе. (0x5)
[1225/173949.155:ERROR:process_reader_win.cc(123)] NtOpenThread: {Отказано в доступе} Процесс запросил доступ к объекту, но права на доступ не предоставлены.  (0xc0000022)
[1225/173949.156:ERROR:exception_snapshot_win.cc(87)] thread ID 13860 not found in process
[1225/173949.156:WARNING:crash_report_exception_handler.cc(62)] ProcessSnapshotWin::Initialize failed
[1226/090418.156:ERROR:process_reader_win.cc(123)] NtOpenThread: {Отказано в доступе} Процесс запросил доступ к объекту, но права на доступ не предоставлены.  (0xc0000022)
[1226/090418.182:ERROR:exception_snapshot_win.cc(87)] thread ID 13744 not found in process
[1226/090418.182:WARNING:crash_report_exception_handler.cc(62)] ProcessSnapshotWin::Initialize failed
[1226/100039.832:ERROR:process_reader_win.cc(123)] NtOpenThread: {Отказано в доступе} Процесс запросил доступ к объекту, но права на доступ не предоставлены.  (0xc0000022)
[1226/100039.905:ERROR:exception_snapshot_win.cc(87)] thread ID 12588 not found in process
[1226/100039.905:WARNING:crash_report_exception_handler.cc(62)] ProcessSnapshotWin::Initialize failed
[1229/113858.353:ERROR:process_reader_win.cc(123)] NtOpenThread: {Отказано в доступе} Процесс запросил доступ к объекту, но права на доступ не предоставлены.  (0xc0000022)
[1229/113858.369:ERROR:exception_snapshot_win.cc(87)] thread ID 8636 not found in process
[1229/113858.369:WARNING:crash_report_exception_handler.cc(62)] ProcessSnapshotWin::Initialize failed
[0102/103055.145:ERROR:process_reader_win.cc(151)] SuspendThread: Отказано в доступе. (0x5)
[0102/103055.149:ERROR:process_reader_win.cc(151)] SuspendThread: Отказано в доступе. (0x5)
[0102/103055.149:ERROR:process_reader_win.cc(151)] SuspendThread: Отказано в доступе. (0x5)
[0102/103055.149:ERROR:process_reader_win.cc(151)] SuspendThread: Отказано в доступе. (0x5)
[0102/103055.149:ERROR:process_reader_win.cc(151)] SuspendThread: Отказано в доступе. (0x5)
[0102/103055.149:ERROR:process_reader_win.cc(151)] SuspendThread: Отказано в доступе. (0x5)
[0102/103055.149:ERROR:process_reader_win.cc(123)] NtOpenThread: {Отказано в доступе} Процесс запросил доступ к объекту, но права на доступ не предоставлены.  (0xc0000022)
[0102/103055.158:ERROR:exception_snapshot_win.cc(87)] thread ID 11580 not found in process
[0102/103055.158:WARNING:crash_report_exception_handler.cc(62)] ProcessSnapshotWin::Initialize failed
[0102/103055.439:ERROR:process_reader_win.cc(151)] SuspendThread: Отказано в доступе. (0x5)
[0102/103055.440:ERROR:process_reader_win.cc(151)] SuspendThread: Отказано в доступе. (0x5)
[0102/103055.440:ERROR:process_reader_win.cc(151)] SuspendThread: Отказано в доступе. (0x5)
[0102/103055.441:ERROR:process_reader_win.cc(151)] SuspendThread: Отказано в доступе. (0x5)
[0102/103055.441:ERROR:process_reader_win.cc(151)] SuspendThread: Отказано в доступе. (0x5)
[0102/103055.441:ERROR:process_reader_win.cc(151)] SuspendThread: Отказано в доступе. (0x5)
[0102/103055.441:ERROR:process_reader_win.cc(151)] SuspendThread: Отказано в доступе. (0x5)
[0102/103055.441:ERROR:process_reader_win.cc(123)] NtOpenThread: {Отказано в доступе} Процесс запросил доступ к объекту, но права на доступ не предоставлены.  (0xc0000022)
[0102/103055.442:ERROR:exception_snapshot_win.cc(87)] thread ID 12168 not found in process
[0102/103055.442:WARNING:crash_report_exception_handler.cc(62)] ProcessSnapshotWin::Initialize failed
[0102/103055.619:ERROR:process_reader_win.cc(151)] SuspendThread: Отказано в доступе. (0x5)
[0102/103055.620:ERROR:process_reader_win.cc(151)] SuspendThread: Отказано в доступе. (0x5)
[0102/103055.621:ERROR:process_reader_win.cc(151)] SuspendThread: Отказано в доступе. (0x5)
[0102/103055.621:ERROR:process_reader_win.cc(151)] SuspendThread: Отказано в доступе. (0x5)
[0102/103055.621:ERROR:process_reader_win.cc(151)] SuspendThread: Отказано в доступе. (0x5)
[0102/103055.621:ERROR:process_reader_win.cc(151)] SuspendThread: Отказано в доступе. (0x5)
[0102/103055.621:ERROR:process_reader_win.cc(151)] SuspendThread: Отказано в доступе. (0x5)
[0102/103055.621:ERROR:process_reader_win.cc(151)] SuspendThread: Отказано в доступе. (0x5)
[0102/103055.621:ERROR:process_reader_win.cc(151)] SuspendThread: Отказано в доступе. (0x5)
[0102/103055.621:ERROR:process_reader_win.cc(123)] NtOpenThread: {Отказано в доступе} Процесс запросил доступ к объекту, но права на доступ не предоставлены.  (0xc0000022)
[0102/103055.622:ERROR:exception_snapshot_win.cc(87)] thread ID 1140 not found in process
[0102/103055.622:WARNING:crash_report_exception_handler.cc(62)] ProcessSnapshotWin::Initialize failed
[0102/103055.829:ERROR:process_reader_win.cc(151)] SuspendThread: Отказано в доступе. (0x5)
[0102/103055.832:ERROR:process_reader_win.cc(151)] SuspendThread: Отказано в доступе. (0x5)
[0102/103055.832:ERROR:process_reader_win.cc(151)] SuspendThread: Отказано в доступе. (0x5)
[0102/103055.832:ERROR:process_reader_win.cc(151)] SuspendThread: Отказано в доступе. (0x5)
[0102/103055.832:ERROR:process_reader_win.cc(151)] SuspendThread: Отказано в доступе. (0x5)
[0102/103055.832:ERROR:process_reader_win.cc(151)] SuspendThread: Отказано в доступе. (0x5)
[0102/103055.832:ERROR:process_reader_win.cc(123)] NtOpenThread: {Отказано в доступе} Процесс запросил доступ к объекту, но права на доступ не предоставлены.  (0xc0000022)
[0102/103055.833:ERROR:exception_snapshot_win.cc(87)] thread ID 12516 not found in process
[0102/103055.833:WARNING:crash_report_exception_handler.cc(62)] ProcessSnapshotWin::Initialize failed
[0102/103100.265:ERROR:process_reader_win.cc(151)] SuspendThread: Отказано в доступе. (0x5)
[0102/103100.266:ERROR:process_reader_win.cc(151)] SuspendThread: Отказано в доступе. (0x5)
[0102/103100.266:ERROR:process_reader_win.cc(151)] SuspendThread: Отказано в доступе. (0x5)
[0102/103100.266:ERROR:process_reader_win.cc(151)] SuspendThread: Отказано в доступе. (0x5)
[0102/103100.266:ERROR:process_reader_win.cc(151)] SuspendThread: Отказано в доступе. (0x5)
[0102/103100.266:ERROR:process_reader_win.cc(123)] NtOpenThread: {Отказано в доступе} Процесс запросил доступ к объекту, но права на доступ не предоставлены.  (0xc0000022)
[0102/103100.267:ERROR:exception_snapshot_win.cc(87)] thread ID 1616 not found in process
[0102/103100.267:WARNING:crash_report_exception_handler.cc(62)] ProcessSnapshotWin::Initialize failed
[0102/110619.738:ERROR:process_reader_win.cc(151)] SuspendThread: Отказано в доступе. (0x5)
[0102/110619.741:ERROR:process_reader_win.cc(151)] SuspendThread: Отказано в доступе. (0x5)
[0102/110619.741:ERROR:process_reader_win.cc(151)] SuspendThread: Отказано в доступе. (0x5)
[0102/110619.741:ERROR:process_reader_win.cc(151)] SuspendThread: Отказано в доступе. (0x5)
[0102/110619.741:ERROR:process_reader_win.cc(151)] SuspendThread: Отказано в доступе. (0x5)
[0102/110619.741:ERROR:process_reader_win.cc(123)] NtOpenThread: {Отказано в доступе} Процесс запросил доступ к объекту, но права на доступ не предоставлены.  (0xc0000022)
[0102/110619.742:ERROR:exception_snapshot_win.cc(87)] thread ID 5812 not found in process
[0102/110619.742:WARNING:crash_report_exception_handler.cc(62)] ProcessSnapshotWin::Initialize failed
[0102/110619.882:ERROR:process_reader_win.cc(151)] SuspendThread: Отказано в доступе. (0x5)
[0102/110619.884:ERROR:process_reader_win.cc(151)] SuspendThread: Отказано в доступе. (0x5)
[0102/110619.884:ERROR:process_reader_win.cc(151)] SuspendThread: Отказано в доступе. (0x5)
[0102/110619.884:ERROR:process_reader_win.cc(151)] SuspendThread: Отказано в доступе. (0x5)
[0102/110619.885:ERROR:process_reader_win.cc(123)] NtOpenThread: {Отказано в доступе} Процесс запросил доступ к объекту, но права на доступ не предоставлены.  (0xc0000022)
[0102/110619.885:ERROR:exception_snapshot_win.cc(87)] thread ID 4468 not found in process
[0102/110619.885:WARNING:crash_report_exception_handler.cc(62)] ProcessSnapshotWin::Initialize failed
[0102/122502.720:ERROR:process_reader_win.cc(123)] NtOpenThread: {Отказано в доступе} Процесс запросил доступ к объекту, но права на доступ не предоставлены.  (0xc0000022)
[0102/122502.724:ERROR:exception_snapshot_win.cc(87)] thread ID 5152 not found in process
[0102/122502.725:WARNING:crash_report_exception_handler.cc(62)] ProcessSnapshotWin::Initialize failed
[0102/122705.953:ERROR:process_reader_win.cc(123)] NtOpenThread: {Отказано в доступе} Процесс запросил доступ к объекту, но права на доступ не предоставлены.  (0xc0000022)
[0102/122705.955:ERROR:exception_snapshot_win.cc(87)] thread ID 11756 not found in process
[0102/122705.955:WARNING:crash_report_exception_handler.cc(62)] ProcessSnapshotWin::Initialize failed
[0102/123545.925:ERROR:process_reader_win.cc(123)] NtOpenThread: {Отказано в доступе} Процесс запросил доступ к объекту, но права на доступ не предоставлены.  (0xc0000022)
[0102/123545.932:ERROR:exception_snapshot_win.cc(87)] thread ID 1304 not found in process
[0102/123545.932:WARNING:crash_report_exception_handler.cc(62)] ProcessSnapshotWin::Initialize failed
[0102/124124.739:ERROR:process_reader_win.cc(123)] NtOpenThread: {Отказано в доступе} Процесс запросил доступ к объекту, но права на доступ не предоставлены.  (0xc0000022)
[0102/124124.741:ERROR:exception_snapshot_win.cc(87)] thread ID 5028 not found in process
[0102/124124.741:WARNING:crash_report_exception_handler.cc(62)] ProcessSnapshotWin::Initialize failed
[0102/132220.092:ERROR:process_reader_win.cc(151)] SuspendThread: Отказано в доступе. (0x5)
[0102/132220.094:ERROR:process_reader_win.cc(151)] SuspendThread: Отказано в доступе. (0x5)
[0102/132220.094:ERROR:process_reader_win.cc(151)] SuspendThread: Отказано в доступе. (0x5)
[0102/132220.094:ERROR:process_reader_win.cc(151)] SuspendThread: Отказано в доступе. (0x5)
[0102/132220.094:ERROR:process_reader_win.cc(151)] SuspendThread: Отказано в доступе. (0x5)
[0102/132220.094:ERROR:process_reader_win.cc(151)] SuspendThread: Отказано в доступе. (0x5)
[0102/132220.094:ERROR:process_reader_win.cc(123)] NtOpenThread: {Отказано в доступе} Процесс запросил доступ к объекту, но права на доступ не предоставлены.  (0xc0000022)
[0102/132220.094:ERROR:exception_snapshot_win.cc(87)] thread ID 2916 not found in process
[0102/132220.095:WARNING:crash_report_exception_handler.cc(62)] ProcessSnapshotWin::Initialize failed
[0102/132424.557:ERROR:process_reader_win.cc(123)] NtOpenThread: {Отказано в доступе} Процесс запросил доступ к объекту, но права на доступ не предоставлены.  (0xc0000022)
[0102/132424.560:ERROR:exception_snapshot_win.cc(87)] thread ID 3948 not found in process
[0102/132424.560:WARNING:crash_report_exception_handler.cc(62)] ProcessSnapshotWin::Initialize failed
[0102/132729.563:ERROR:process_reader_win.cc(123)] NtOpenThread: {Отказано в доступе} Процесс запросил доступ к объекту, но права на доступ не предоставлены.  (0xc0000022)
[0102/132729.565:ERROR:exception_snapshot_win.cc(87)] thread ID 7904 not found in process
[0102/132729.565:WARNING:crash_report_exception_handler.cc(62)] ProcessSnapshotWin::Initialize failed
[0102/133034.508:ERROR:process_reader_win.cc(123)] NtOpenThread: {Отказано в доступе} Процесс запросил доступ к объекту, но права на доступ не предоставлены.  (0xc0000022)
[0102/133034.510:ERROR:exception_snapshot_win.cc(87)] thread ID 4924 not found in process
[0102/133034.510:WARNING:crash_report_exception_handler.cc(62)] ProcessSnapshotWin::Initialize failed
[0102/152205.605:ERROR:process_reader_win.cc(151)] SuspendThread: Отказано в доступе. (0x5)
[0102/152205.606:ERROR:process_reader_win.cc(151)] SuspendThread: Отказано в доступе. (0x5)
[0102/152205.606:ERROR:process_reader_win.cc(151)] SuspendThread: Отказано в доступе. (0x5)
[0102/152205.606:ERROR:process_reader_win.cc(151)] SuspendThread: Отказано в доступе. (0x5)
[0102/152205.606:ERROR:process_reader_win.cc(123)] NtOpenThread: {Отказано в доступе} Процесс запросил доступ к объекту, но права на доступ не предоставлены.  (0xc0000022)
[0102/152205.607:ERROR:exception_snapshot_win.cc(87)] thread ID 6072 not found in process
[0102/152205.607:WARNING:crash_report_exception_handler.cc(62)] ProcessSnapshotWin::Initialize failed
[0102/152459.299:ERROR:process_reader_win.cc(123)] NtOpenThread: {Отказано в доступе} Процесс запросил доступ к объекту, но права на доступ не предоставлены.  (0xc0000022)
[0102/152459.303:ERROR:exception_snapshot_win.cc(87)] thread ID 7124 not found in process
[0102/152459.303:WARNING:crash_report_exception_handler.cc(62)] ProcessSnapshotWin::Initialize failed
[0102/152739.768:ERROR:process_reader_win.cc(123)] NtOpenThread: {Отказано в доступе} Процесс запросил доступ к объекту, но права на доступ не предоставлены.  (0xc0000022)
[0102/152739.770:ERROR:exception_snapshot_win.cc(87)] thread ID 1704 not found in process
[0102/152739.770:WARNING:crash_report_exception_handler.cc(62)] ProcessSnapshotWin::Initialize failed
[0102/152929.865:ERROR:process_reader_win.cc(151)] SuspendThread: Отказано в доступе. (0x5)
[0102/152929.873:ERROR:process_reader_win.cc(151)] SuspendThread: Отказано в доступе. (0x5)
[0102/152929.874:ERROR:process_reader_win.cc(151)] SuspendThread: Отказано в доступе. (0x5)
[0102/152929.874:ERROR:process_reader_win.cc(151)] SuspendThread: Отказано в доступе. (0x5)
[0102/152929.874:ERROR:process_reader_win.cc(151)] SuspendThread: Отказано в доступе. (0x5)
[0102/152929.874:ERROR:process_reader_win.cc(123)] NtOpenThread: {Отказано в доступе} Процесс запросил доступ к объекту, но права на доступ не предоставлены.  (0xc0000022)
[0102/152929.874:ERROR:exception_snapshot_win.cc(87)] thread ID 5716 not found in process
[0102/152929.874:WARNING:crash_report_exception_handler.cc(62)] ProcessSnapshotWin::Initialize failed
[0102/153216.730:ERROR:process_reader_win.cc(151)] SuspendThread: Отказано в доступе. (0x5)
[0102/153216.731:ERROR:process_reader_win.cc(151)] SuspendThread: Отказано в доступе. (0x5)
[0102/153216.732:ERROR:process_reader_win.cc(151)] SuspendThread: Отказано в доступе. (0x5)
[0102/153216.732:ERROR:process_reader_win.cc(151)] SuspendThread: Отказано в доступе. (0x5)
[0102/153216.732:ERROR:process_reader_win.cc(151)] SuspendThread: Отказано в доступе. (0x5)
[0102/153216.732:ERROR:process_reader_win.cc(151)] SuspendThread: Отказано в доступе. (0x5)
[0102/153216.732:ERROR:process_reader_win.cc(151)] SuspendThread: Отказано в доступе. (0x5)
[0102/153216.732:ERROR:process_reader_win.cc(123)] NtOpenThread: {Отказано в доступе} Процесс запросил доступ к объекту, но права на доступ не предоставлены.  (0xc0000022)
[0102/153216.734:ERROR:exception_snapshot_win.cc(87)] thread ID 3792 not found in process
[0102/153216.734:WARNING:crash_report_exception_handler.cc(62)] ProcessSnapshotWin::Initialize failed
[0102/153552.501:ERROR:process_reader_win.cc(151)] SuspendThread: Отказано в доступе. (0x5)
[0102/153552.503:ERROR:process_reader_win.cc(151)] SuspendThread: Отказано в доступе. (0x5)
[0102/153552.503:ERROR:process_reader_win.cc(151)] SuspendThread: Отказано в доступе. (0x5)
[0102/153552.503:ERROR:process_reader_win.cc(151)] SuspendThread: Отказано в доступе. (0x5)
[0102/153552.503:ERROR:process_reader_win.cc(151)] SuspendThread: Отказано в доступе. (0x5)
[0102/153552.503:ERROR:process_reader_win.cc(151)] SuspendThread: Отказано в доступе. (0x5)
[0102/153552.503:ERROR:process_reader_win.cc(151)] SuspendThread: Отказано в доступе. (0x5)
[0102/153552.503:ERROR:process_reader_win.cc(123)] NtOpenThread: {Отказано в доступе} Процесс запросил доступ к объекту, но права на доступ не предоставлены.  (0xc0000022)
[0102/153552.503:ERROR:exception_snapshot_win.cc(87)] thread ID 9888 not found in process
[0102/153552.503:WARNING:crash_report_exception_handler.cc(62)] ProcessSnapshotWin::Initialize failed
[0102/154410.862:ERROR:process_reader_win.cc(151)] SuspendThread: Отказано в доступе. (0x5)
[0102/154410.863:ERROR:process_reader_win.cc(151)] SuspendThread: Отказано в доступе. (0x5)
[0102/154410.863:ERROR:process_reader_win.cc(151)] SuspendThread: Отказано в доступе. (0x5)
[0102/154410.863:ERROR:process_reader_win.cc(151)] SuspendThread: Отказано в доступе. (0x5)
[0102/154410.863:ERROR:process_reader_win.cc(123)] NtOpenThread: {Отказано в доступе} Процесс запросил доступ к объекту, но права на доступ не предоставлены.  (0xc0000022)
[0102/154410.864:ERROR:exception_snapshot_win.cc(87)] thread ID 10432 not found in process
[0102/154410.864:WARNING:crash_report_exception_handler.cc(62)] ProcessSnapshotWin::Initialize failed
[0102/154754.329:ERROR:process_reader_win.cc(123)] NtOpenThread: {Отказано в доступе} Процесс запросил доступ к объекту, но права на доступ не предоставлены.  (0xc0000022)
[0102/154754.333:ERROR:exception_snapshot_win.cc(87)] thread ID 13480 not found in process
[0102/154754.333:WARNING:crash_report_exception_handler.cc(62)] ProcessSnapshotWin::Initialize failed
[0102/155402.280:ERROR:process_reader_win.cc(151)] SuspendThread: Отказано в доступе. (0x5)
[0102/155402.283:ERROR:process_reader_win.cc(151)] SuspendThread: Отказано в доступе. (0x5)
[0102/155402.283:ERROR:process_reader_win.cc(151)] SuspendThread: Отказано в доступе. (0x5)
[0102/155402.283:ERROR:process_reader_win.cc(123)] NtOpenThread: {Отказано в доступе} Процесс запросил доступ к объекту, но права на доступ не предоставлены.  (0xc0000022)
[0102/155402.284:ERROR:exception_snapshot_win.cc(87)] thread ID 12272 not found in process
[0102/155402.284:WARNING:crash_report_exception_handler.cc(62)] ProcessSnapshotWin::Initialize failed
[0102/155929.002:ERROR:process_reader_win.cc(123)] NtOpenThread: {Отказано в доступе} Процесс запросил доступ к объекту, но права на доступ не предоставлены.  (0xc0000022)
[0102/155929.003:ERROR:exception_snapshot_win.cc(87)] thread ID 11224 not found in process
[0102/155929.003:WARNING:crash_report_exception_handler.cc(62)] ProcessSnapshotWin::Initialize failed
[0102/162401.615:ERROR:process_reader_win.cc(123)] NtOpenThread: {Отказано в доступе} Процесс запросил доступ к объекту, но права на доступ не предоставлены.  (0xc0000022)
[0102/162401.619:ERROR:exception_snapshot_win.cc(87)] thread ID 8044 not found in process
[0102/162401.619:WARNING:crash_report_exception_handler.cc(62)] ProcessSnapshotWin::Initialize failed
[0102/162537.993:ERROR:process_reader_win.cc(123)] NtOpenThread: {Отказано в доступе} Процесс запросил доступ к объекту, но права на доступ не предоставлены.  (0xc0000022)
[0102/162537.996:ERROR:exception_snapshot_win.cc(87)] thread ID 8888 not found in process
[0102/162537.996:WARNING:crash_report_exception_handler.cc(62)] ProcessSnapshotWin::Initialize failed
[0102/162857.683:ERROR:process_reader_win.cc(151)] SuspendThread: Отказано в доступе. (0x5)
[0102/162857.685:ERROR:process_reader_win.cc(151)] SuspendThread: Отказано в доступе. (0x5)
[0102/162857.685:ERROR:process_reader_win.cc(151)] SuspendThread: Отказано в доступе. (0x5)
[0102/162857.685:ERROR:process_reader_win.cc(151)] SuspendThread: Отказано в доступе. (0x5)
[0102/162857.686:ERROR:process_reader_win.cc(151)] SuspendThread: Отказано в доступе. (0x5)
[0102/162857.686:ERROR:process_reader_win.cc(151)] SuspendThread: Отказано в доступе. (0x5)
[0102/162857.686:ERROR:process_reader_win.cc(123)] NtOpenThread: {Отказано в доступе} Процесс запросил доступ к объекту, но права на доступ не предоставлены.  (0xc0000022)
[0102/162857.686:ERROR:exception_snapshot_win.cc(87)] thread ID 9824 not found in process
[0102/162857.686:WARNING:crash_report_exception_handler.cc(62)] ProcessSnapshotWin::Initialize failed
[0102/163223.921:ERROR:process_reader_win.cc(151)] SuspendThread: Отказано в доступе. (0x5)
[0102/163223.923:ERROR:process_reader_win.cc(151)] SuspendThread: Отказано в доступе. (0x5)
[0102/163223.923:ERROR:process_reader_win.cc(151)] SuspendThread: Отказано в доступе. (0x5)
[0102/163223.923:ERROR:process_reader_win.cc(151)] SuspendThread: Отказано в доступе. (0x5)
[0102/163223.924:ERROR:process_reader_win.cc(151)] SuspendThread: Отказано в доступе. (0x5)
[0102/163223.924:ERROR:process_reader_win.cc(123)] NtOpenThread: {Отказано в доступе} Процесс запросил доступ к объекту, но права на доступ не предоставлены.  (0xc0000022)
[0102/163223.924:ERROR:exception_snapshot_win.cc(87)] thread ID 7208 not found in process
[0102/163223.924:WARNING:crash_report_exception_handler.cc(62)] ProcessSnapshotWin::Initialize failed
[0102/163336.602:ERROR:process_reader_win.cc(151)] SuspendThread: Отказано в доступе. (0x5)
[0102/163336.603:ERROR:process_reader_win.cc(151)] SuspendThread: Отказано в доступе. (0x5)
[0102/163336.603:ERROR:process_reader_win.cc(151)] SuspendThread: Отказано в доступе. (0x5)
[0102/163336.603:ERROR:process_reader_win.cc(151)] SuspendThread: Отказано в доступе. (0x5)
[0102/163336.603:ERROR:process_reader_win.cc(151)] SuspendThread: Отказано в доступе. (0x5)
[0102/163336.603:ERROR:process_reader_win.cc(151)] SuspendThread: Отказано в доступе. (0x5)
[0102/163336.603:ERROR:process_reader_win.cc(151)] SuspendThread: Отказано в доступе. (0x5)
[0102/163336.603:ERROR:process_reader_win.cc(123)] NtOpenThread: {Отказано в доступе} Процесс запросил доступ к объекту, но права на доступ не предоставлены.  (0xc0000022)
[0102/163336.603:ERROR:exception_snapshot_win.cc(87)] thread ID 10024 not found in process
[0102/163336.604:WARNING:crash_report_exception_handler.cc(62)] ProcessSnapshotWin::Initialize failed
[0102/163826.609:ERROR:process_reader_win.cc(123)] NtOpenThread: {Отказано в доступе} Процесс запросил доступ к объекту, но права на доступ не предоставлены.  (0xc0000022)
[0102/163826.611:ERROR:exception_snapshot_win.cc(87)] thread ID 11708 not found in process
[0102/163826.611:WARNING:crash_report_exception_handler.cc(62)] ProcessSnapshotWin::Initialize failed
[0102/164011.069:ERROR:process_reader_win.cc(123)] NtOpenThread: {Отказано в доступе} Процесс запросил доступ к объекту, но права на доступ не предоставлены.  (0xc0000022)
[0102/164011.070:ERROR:exception_snapshot_win.cc(87)] thread ID 12100 not found in process
[0102/164011.071:WARNING:crash_report_exception_handler.cc(62)] ProcessSnapshotWin::Initialize failed
[0102/164910.974:ERROR:process_reader_win.cc(123)] NtOpenThread: {Отказано в доступе} Процесс запросил доступ к объекту, но права на доступ не предоставлены.  (0xc0000022)
[0102/164910.977:ERROR:exception_snapshot_win.cc(87)] thread ID 5408 not found in process
[0102/164910.978:WARNING:crash_report_exception_handler.cc(62)] ProcessSnapshotWin::Initialize failed
[0102/165033.620:ERROR:process_reader_win.cc(123)] NtOpenThread: {Отказано в доступе} Процесс запросил доступ к объекту, но права на доступ не предоставлены.  (0xc0000022)
[0102/165033.623:ERROR:exception_snapshot_win.cc(87)] thread ID 12096 not found in process
[0102/165033.623:WARNING:crash_report_exception_handler.cc(62)] ProcessSnapshotWin::Initialize failed
[0102/165219.577:ERROR:process_reader_win.cc(123)] NtOpenThread: {Отказано в доступе} Процесс запросил доступ к объекту, но права на доступ не предоставлены.  (0xc0000022)
[0102/165219.579:ERROR:exception_snapshot_win.cc(87)] thread ID 8196 not found in process
[0102/165219.579:WARNING:crash_report_exception_handler.cc(62)] ProcessSnapshotWin::Initialize failed
[0102/165347.055:ERROR:process_reader_win.cc(151)] SuspendThread: Отказано в доступе. (0x5)
[0102/165347.057:ERROR:process_reader_win.cc(151)] SuspendThread: Отказано в доступе. (0x5)
[0102/165347.057:ERROR:process_reader_win.cc(151)] SuspendThread: Отказано в доступе. (0x5)
[0102/165347.058:ERROR:process_reader_win.cc(151)] SuspendThread: Отказано в доступе. (0x5)
[0102/165347.058:ERROR:process_reader_win.cc(151)] SuspendThread: Отказано в доступе. (0x5)
[0102/165347.058:ERROR:process_reader_win.cc(151)] SuspendThread: Отказано в доступе. (0x5)
[0102/165347.058:ERROR:process_reader_win.cc(123)] NtOpenThread: {Отказано в доступе} Процесс запросил доступ к объекту, но права на доступ не предоставлены.  (0xc0000022)
[0102/165347.059:ERROR:exception_snapshot_win.cc(87)] thread ID 2152 not found in process
[0102/165347.059:WARNING:crash_report_exception_handler.cc(62)] ProcessSnapshotWin::Initialize failed
[0102/165452.925:ERROR:process_reader_win.cc(151)] SuspendThread: Отказано в доступе. (0x5)
[0102/165452.927:ERROR:process_reader_win.cc(151)] SuspendThread: Отказано в доступе. (0x5)
[0102/165452.927:ERROR:process_reader_win.cc(151)] SuspendThread: Отказано в доступе. (0x5)
[0102/165452.927:ERROR:process_reader_win.cc(151)] SuspendThread: Отказано в доступе. (0x5)
[0102/165452.927:ERROR:process_reader_win.cc(151)] SuspendThread: Отказано в доступе. (0x5)
[0102/165452.927:ERROR:process_reader_win.cc(151)] SuspendThread: Отказано в доступе. (0x5)
[0102/165452.927:ERROR:process_reader_win.cc(151)] SuspendThread: Отказано в доступе. (0x5)
[0102/165452.927:ERROR:process_reader_win.cc(123)] NtOpenThread: {Отказано в доступе} Процесс запросил доступ к объекту, но права на доступ не предоставлены.  (0xc0000022)
[0102/165452.928:ERROR:exception_snapshot_win.cc(87)] thread ID 12028 not found in process
[0102/165452.928:WARNING:crash_report_exception_handler.cc(62)] ProcessSnapshotWin::Initialize failed
[0102/165710.025:ERROR:process_reader_win.cc(151)] SuspendThread: Отказано в доступе. (0x5)
[0102/165710.026:ERROR:process_reader_win.cc(151)] SuspendThread: Отказано в доступе. (0x5)
[0102/165710.026:ERROR:process_reader_win.cc(151)] SuspendThread: Отказано в доступе. (0x5)
[0102/165710.026:ERROR:process_reader_win.cc(151)] SuspendThread: Отказано в доступе. (0x5)
[0102/165710.027:ERROR:process_reader_win.cc(151)] SuspendThread: Отказано в доступе. (0x5)
[0102/165710.027:ERROR:process_reader_win.cc(123)] NtOpenThread: {Отказано в доступе} Процесс запросил доступ к объекту, но права на доступ не предоставлены.  (0xc0000022)
[0102/165710.027:ERROR:exception_snapshot_win.cc(87)] thread ID 10172 not found in process
[0102/165710.027:WARNING:crash_report_exception_handler.cc(62)] ProcessSnapshotWin::Initialize failed
[0102/170000.657:ERROR:process_reader_win.cc(123)] NtOpenThread: {Отказано в доступе} Процесс запросил доступ к объекту, но права на доступ не предоставлены.  (0xc0000022)
[0102/170000.658:ERROR:exception_snapshot_win.cc(87)] thread ID 5836 not found in process
[0102/170000.658:WARNING:crash_report_exception_handler.cc(62)] ProcessSnapshotWin::Initialize failed
[0102/170136.922:ERROR:process_reader_win.cc(123)] NtOpenThread: {Отказано в доступе} Процесс запросил доступ к объекту, но права на доступ не предоставлены.  (0xc0000022)
[0102/170136.924:ERROR:exception_snapshot_win.cc(87)] thread ID 13756 not found in process
[0102/170136.924:WARNING:crash_report_exception_handler.cc(62)] ProcessSnapshotWin::Initialize failed
[0103/164008.553:ERROR:process_reader_win.cc(123)] NtOpenThread: {Отказано в доступе} Процесс запросил доступ к объекту, но права на доступ не предоставлены.  (0xc0000022)
[0103/164008.561:ERROR:exception_snapshot_win.cc(87)] thread ID 14652 not found in process
[0103/164008.561:WARNING:crash_report_exception_handler.cc(62)] ProcessSnapshotWin::Initialize failed
[0103/164226.721:ERROR:process_reader_win.cc(123)] NtOpenThread: {Отказано в доступе} Процесс запросил доступ к объекту, но права на доступ не предоставлены.  (0xc0000022)
[0103/164226.724:ERROR:exception_snapshot_win.cc(87)] thread ID 340 not found in process
[0103/164226.724:WARNING:crash_report_exception_handler.cc(62)] ProcessSnapshotWin::Initialize failed
[0103/164402.724:ERROR:process_reader_win.cc(123)] NtOpenThread: {Отказано в доступе} Процесс запросил доступ к объекту, но права на доступ не предоставлены.  (0xc0000022)
[0103/164402.726:ERROR:exception_snapshot_win.cc(87)] thread ID 14676 not found in process
[0103/164402.726:WARNING:crash_report_exception_handler.cc(62)] ProcessSnapshotWin::Initialize failed
[0103/164601.102:ERROR:process_reader_win.cc(123)] NtOpenThread: {Отказано в доступе} Процесс запросил доступ к объекту, но права на доступ не предоставлены.  (0xc0000022)
[0103/164601.107:ERROR:exception_snapshot_win.cc(87)] thread ID 3104 not found in process
[0103/164601.107:WARNING:crash_report_exception_handler.cc(62)] ProcessSnapshotWin::Initialize failed
[0103/164735.332:ERROR:process_reader_win.cc(151)] SuspendThread: Отказано в доступе. (0x5)
[0103/164735.337:ERROR:process_reader_win.cc(151)] SuspendThread: Отказано в доступе. (0x5)
[0103/164735.338:ERROR:process_reader_win.cc(151)] SuspendThread: Отказано в доступе. (0x5)
[0103/164735.338:ERROR:process_reader_win.cc(151)] SuspendThread: Отказано в доступе. (0x5)
[0103/164735.338:ERROR:process_reader_win.cc(151)] SuspendThread: Отказано в доступе. (0x5)
[0103/164735.338:ERROR:process_reader_win.cc(151)] SuspendThread: Отказано в доступе. (0x5)
[0103/164735.338:ERROR:process_reader_win.cc(151)] SuspendThread: Отказано в доступе. (0x5)
[0103/164735.338:ERROR:process_reader_win.cc(123)] NtOpenThread: {Отказано в доступе} Процесс запросил доступ к объекту, но права на доступ не предоставлены.  (0xc0000022)
[0103/164735.339:ERROR:exception_snapshot_win.cc(87)] thread ID 5164 not found in process
[0103/164735.339:WARNING:crash_report_exception_handler.cc(62)] ProcessSnapshotWin::Initialize failed
[0103/165204.978:ERROR:process_reader_win.cc(123)] NtOpenThread: {Отказано в доступе} Процесс запросил доступ к объекту, но права на доступ не предоставлены.  (0xc0000022)
[0103/165204.990:ERROR:exception_snapshot_win.cc(87)] thread ID 6868 not found in process
[0103/165204.990:WARNING:crash_report_exception_handler.cc(62)] ProcessSnapshotWin::Initialize failed
[0103/165737.569:ERROR:process_reader_win.cc(123)] NtOpenThread: {Отказано в доступе} Процесс запросил доступ к объекту, но права на доступ не предоставлены.  (0xc0000022)
[0103/165737.609:ERROR:exception_snapshot_win.cc(87)] thread ID 12580 not found in process
[0103/165737.609:WARNING:crash_report_exception_handler.cc(62)] ProcessSnapshotWin::Initialize failed
[0103/165740.946:ERROR:process_reader_win.cc(151)] SuspendThread: Отказано в доступе. (0x5)
[0103/165740.947:ERROR:process_reader_win.cc(151)] SuspendThread: Отказано в доступе. (0x5)
[0103/165740.947:ERROR:process_reader_win.cc(151)] SuspendThread: Отказано в доступе. (0x5)
[0103/165740.947:ERROR:process_reader_win.cc(151)] SuspendThread: Отказано в доступе. (0x5)
[0103/165740.947:ERROR:process_reader_win.cc(151)] SuspendThread: Отказано в доступе. (0x5)
[0103/165740.947:ERROR:process_reader_win.cc(123)] NtOpenThread: {Отказано в доступе} Процесс запросил доступ к объекту, но права на доступ не предоставлены.  (0xc0000022)
[0103/165740.948:ERROR:exception_snapshot_win.cc(87)] thread ID 13736 not found in process
[0103/165740.948:WARNING:crash_report_exception_handler.cc(62)] ProcessSnapshotWin::Initialize failed
[0103/170107.299:ERROR:process_reader_win.cc(151)] SuspendThread: Отказано в доступе. (0x5)
[0103/170107.311:ERROR:process_reader_win.cc(151)] SuspendThread: Отказано в доступе. (0x5)
[0103/170107.311:ERROR:process_reader_win.cc(151)] SuspendThread: Отказано в доступе. (0x5)
[0103/170107.311:ERROR:process_reader_win.cc(151)] SuspendThread: Отказано в доступе. (0x5)
[0103/170107.311:ERROR:process_reader_win.cc(123)] NtOpenThread: {Отказано в доступе} Процесс запросил доступ к объекту, но права на доступ не предоставлены.  (0xc0000022)
[0103/170107.312:ERROR:exception_snapshot_win.cc(87)] thread ID 11432 not found in process
[0103/170107.312:WARNING:crash_report_exception_handler.cc(62)] ProcessSnapshotWin::Initialize failed
[0103/172147.736:ERROR:process_reader_win.cc(123)] NtOpenThread: {Отказано в доступе} Процесс запросил доступ к объекту, но права на доступ не предоставлены.  (0xc0000022)
[0103/172147.738:ERROR:exception_snapshot_win.cc(87)] thread ID 1540 not found in process
[0103/172147.738:WARNING:crash_report_exception_handler.cc(62)] ProcessSnapshotWin::Initialize failed
[0103/172443.747:ERROR:process_reader_win.cc(151)] SuspendThread: Отказано в доступе. (0x5)
[0103/172443.750:ERROR:process_reader_win.cc(151)] SuspendThread: Отказано в доступе. (0x5)
[0103/172443.750:ERROR:process_reader_win.cc(151)] SuspendThread: Отказано в доступе. (0x5)
[0103/172443.750:ERROR:process_reader_win.cc(151)] SuspendThread: Отказано в доступе. (0x5)
[0103/172443.753:ERROR:process_reader_win.cc(151)] SuspendThread: Отказано в доступе. (0x5)
[0103/172443.753:ERROR:process_reader_win.cc(151)] SuspendThread: Отказано в доступе. (0x5)
[0103/172443.753:ERROR:process_reader_win.cc(151)] SuspendThread: Отказано в доступе. (0x5)
[0103/172443.753:ERROR:process_reader_win.cc(123)] NtOpenThread: {Отказано в доступе} Процесс запросил доступ к объекту, но права на доступ не предоставлены.  (0xc0000022)
[0103/172443.754:ERROR:exception_snapshot_win.cc(87)] thread ID 11972 not found in process
[0103/172443.755:WARNING:crash_report_exception_handler.cc(62)] ProcessSnapshotWin::Initialize failed
[0103/172553.190:ERROR:process_reader_win.cc(123)] NtOpenThread: {Отказано в доступе} Процесс запросил доступ к объекту, но права на доступ не предоставлены.  (0xc0000022)
[0103/172553.197:ERROR:exception_snapshot_win.cc(87)] thread ID 14260 not found in process
[0103/172553.197:WARNING:crash_report_exception_handler.cc(62)] ProcessSnapshotWin::Initialize failed
[0103/172709.235:ERROR:process_reader_win.cc(151)] SuspendThread: Отказано в доступе. (0x5)
[0103/172709.236:ERROR:process_reader_win.cc(151)] SuspendThread: Отказано в доступе. (0x5)
[0103/172709.236:ERROR:process_reader_win.cc(151)] SuspendThread: Отказано в доступе. (0x5)
[0103/172709.236:ERROR:process_reader_win.cc(151)] SuspendThread: Отказано в доступе. (0x5)
[0103/172709.236:ERROR:process_reader_win.cc(151)] SuspendThread: Отказано в доступе. (0x5)
[0103/172709.236:ERROR:process_reader_win.cc(151)] SuspendThread: Отказано в доступе. (0x5)
[0103/172709.236:ERROR:process_reader_win.cc(151)] SuspendThread: Отказано в доступе. (0x5)
[0103/172709.237:ERROR:process_reader_win.cc(123)] NtOpenThread: {Отказано в доступе} Процесс запросил доступ к объекту, но права на доступ не предоставлены.  (0xc0000022)
[0103/172709.237:ERROR:exception_snapshot_win.cc(87)] thread ID 6384 not found in process
[0103/172709.237:WARNING:crash_report_exception_handler.cc(62)] ProcessSnapshotWin::Initialize failed
[0103/172923.858:ERROR:process_reader_win.cc(123)] NtOpenThread: {Отказано в доступе} Процесс запросил доступ к объекту, но права на доступ не предоставлены.  (0xc0000022)
[0103/172923.860:ERROR:exception_snapshot_win.cc(87)] thread ID 4468 not found in process
[0103/172923.860:WARNING:crash_report_exception_handler.cc(62)] ProcessSnapshotWin::Initialize failed
[0103/173233.808:ERROR:process_reader_win.cc(151)] SuspendThread: Отказано в доступе. (0x5)
[0103/173233.820:ERROR:process_reader_win.cc(151)] SuspendThread: Отказано в доступе. (0x5)
[0103/173233.820:ERROR:process_reader_win.cc(151)] SuspendThread: Отказано в доступе. (0x5)
[0103/173233.820:ERROR:process_reader_win.cc(151)] SuspendThread: Отказано в доступе. (0x5)
[0103/173233.820:ERROR:process_reader_win.cc(151)] SuspendThread: Отказано в доступе. (0x5)
[0103/173233.820:ERROR:process_reader_win.cc(123)] NtOpenThread: {Отказано в доступе} Процесс запросил доступ к объекту, но права на доступ не предоставлены.  (0xc0000022)
[0103/173233.821:ERROR:exception_snapshot_win.cc(87)] thread ID 14488 not found in process
[0103/173233.821:WARNING:crash_report_exception_handler.cc(62)] ProcessSnapshotWin::Initialize failed
[0103/173241.675:ERROR:process_reader_win.cc(123)] NtOpenThread: {Отказано в доступе} Процесс запросил доступ к объекту, но права на доступ не предоставлены.  (0xc0000022)
[0103/173241.677:ERROR:exception_snapshot_win.cc(87)] thread ID 9168 not found in process
[0103/173241.677:WARNING:crash_report_exception_handler.cc(62)] ProcessSnapshotWin::Initialize failed
[0103/173421.027:ERROR:process_reader_win.cc(151)] SuspendThread: Отказано в доступе. (0x5)
[0103/173421.029:ERROR:process_reader_win.cc(151)] SuspendThread: Отказано в доступе. (0x5)
[0103/173421.029:ERROR:process_reader_win.cc(151)] SuspendThread: Отказано в доступе. (0x5)
[0103/173421.029:ERROR:process_reader_win.cc(151)] SuspendThread: Отказано в доступе. (0x5)
[0103/173421.029:ERROR:process_reader_win.cc(151)] SuspendThread: Отказано в доступе. (0x5)
[0103/173421.029:ERROR:process_reader_win.cc(151)] SuspendThread: Отказано в доступе. (0x5)
[0103/173421.029:ERROR:process_reader_win.cc(123)] NtOpenThread: {Отказано в доступе} Процесс запросил доступ к объекту, но права на доступ не предоставлены.  (0xc0000022)
[0103/173421.030:ERROR:exception_snapshot_win.cc(87)] thread ID 10020 not found in process
[0103/173421.030:WARNING:crash_report_exception_handler.cc(62)] ProcessSnapshotWin::Initialize failed
[0103/173923.530:ERROR:process_reader_win.cc(151)] SuspendThread: Отказано в доступе. (0x5)
[0103/173923.532:ERROR:process_reader_win.cc(151)] SuspendThread: Отказано в доступе. (0x5)
[0103/173923.532:ERROR:process_reader_win.cc(151)] SuspendThread: Отказано в доступе. (0x5)
[0103/173923.532:ERROR:process_reader_win.cc(151)] SuspendThread: Отказано в доступе. (0x5)
[0103/173923.532:ERROR:process_reader_win.cc(151)] SuspendThread: Отказано в доступе. (0x5)
[0103/173923.533:ERROR:process_reader_win.cc(151)] SuspendThread: Отказано в доступе. (0x5)
[0103/173923.533:ERROR:process_reader_win.cc(123)] NtOpenThread: {Отказано в доступе} Процесс запросил доступ к объекту, но права на доступ не предоставлены.  (0xc0000022)
[0103/173923.533:ERROR:exception_snapshot_win.cc(87)] thread ID 7080 not found in process
[0103/173923.533:WARNING:crash_report_exception_handler.cc(62)] ProcessSnapshotWin::Initialize failed
[0103/174231.877:ERROR:process_reader_win.cc(123)] NtOpenThread: {Отказано в доступе} Процесс запросил доступ к объекту, но права на доступ не предоставлены.  (0xc0000022)
[0103/174231.920:ERROR:exception_snapshot_win.cc(87)] thread ID 10928 not found in process
[0103/174231.921:WARNING:crash_report_exception_handler.cc(62)] ProcessSnapshotWin::Initialize failed
[0103/174449.250:ERROR:process_reader_win.cc(151)] SuspendThread: Отказано в доступе. (0x5)
[0103/174449.265:ERROR:process_reader_win.cc(151)] SuspendThread: Отказано в доступе. (0x5)
[0103/174449.265:ERROR:process_reader_win.cc(151)] SuspendThread: Отказано в доступе. (0x5)
[0103/174449.265:ERROR:process_reader_win.cc(151)] SuspendThread: Отказано в доступе. (0x5)
[0103/174449.265:ERROR:process_reader_win.cc(151)] SuspendThread: Отказано в доступе. (0x5)
[0103/174449.265:ERROR:process_reader_win.cc(151)] SuspendThread: Отказано в доступе. (0x5)
[0103/174449.266:ERROR:process_reader_win.cc(123)] NtOpenThread: {Отказано в доступе} Процесс запросил доступ к объекту, но права на доступ не предоставлены.  (0xc0000022)
[0103/174449.266:ERROR:exception_snapshot_win.cc(87)] thread ID 9612 not found in process
[0103/174449.266:WARNING:crash_report_exception_handler.cc(62)] ProcessSnapshotWin::Initialize failed
[0103/174621.441:ERROR:process_reader_win.cc(123)] NtOpenThread: {Отказано в доступе} Процесс запросил доступ к объекту, но права на доступ не предоставлены.  (0xc0000022)
[0103/174621.459:ERROR:exception_snapshot_win.cc(87)] thread ID 9780 not found in process
[0103/174621.459:WARNING:crash_report_exception_handler.cc(62)] ProcessSnapshotWin::Initialize failed
[0103/175332.236:ERROR:process_reader_win.cc(151)] SuspendThread: Отказано в доступе. (0x5)
[0103/175332.237:ERROR:process_reader_win.cc(151)] SuspendThread: Отказано в доступе. (0x5)
[0103/175332.237:ERROR:process_reader_win.cc(151)] SuspendThread: Отказано в доступе. (0x5)
[0103/175332.237:ERROR:process_reader_win.cc(151)] SuspendThread: Отказано в доступе. (0x5)
[0103/175332.237:ERROR:process_reader_win.cc(151)] SuspendThread: Отказано в доступе. (0x5)
[0103/175332.237:ERROR:process_reader_win.cc(151)] SuspendThread: Отказано в доступе. (0x5)
[0103/175332.237:ERROR:process_reader_win.cc(151)] SuspendThread: Отказано в доступе. (0x5)
[0103/175332.237:ERROR:process_reader_win.cc(151)] SuspendThread: Отказано в доступе. (0x5)
[0103/175332.237:ERROR:process_reader_win.cc(123)] NtOpenThread: {Отказано в доступе} Процесс запросил доступ к объекту, но права на доступ не предоставлены.  (0xc0000022)
[0103/175332.238:ERROR:exception_snapshot_win.cc(87)] thread ID 9704 not found in process
[0103/175332.238:WARNING:crash_report_exception_handler.cc(62)] ProcessSnapshotWin::Initialize failed
[0103/175601.537:ERROR:process_reader_win.cc(123)] NtOpenThread: {Отказано в доступе} Процесс запросил доступ к объекту, но права на доступ не предоставлены.  (0xc0000022)
[0103/175601.560:ERROR:exception_snapshot_win.cc(87)] thread ID 4716 not found in process
[0103/175601.560:WARNING:crash_report_exception_handler.cc(62)] ProcessSnapshotWin::Initialize failed
[0109/105144.628:ERROR:process_reader_win.cc(123)] NtOpenThread: {Отказано в доступе} Процесс запросил доступ к объекту, но права на доступ не предоставлены.  (0xc0000022)
[0109/105144.630:ERROR:exception_snapshot_win.cc(87)] thread ID 15516 not found in process
[0109/105144.630:WARNING:crash_report_exception_handler.cc(62)] ProcessSnapshotWin::Initialize failed
[0109/153249.124:ERROR:process_reader_win.cc(123)] NtOpenThread: {Отказано в доступе} Процесс запросил доступ к объекту, но права на доступ не предоставлены.  (0xc0000022)
[0109/153249.139:ERROR:exception_snapshot_win.cc(87)] thread ID 14060 not found in process
[0109/153249.139:WARNING:crash_report_exception_handler.cc(62)] ProcessSnapshotWin::Initialize failed
[0109/153607.804:ERROR:process_reader_win.cc(151)] SuspendThread: Отказано в доступе. (0x5)
[0109/153607.816:ERROR:process_reader_win.cc(151)] SuspendThread: Отказано в доступе. (0x5)
[0109/153607.816:ERROR:process_reader_win.cc(151)] SuspendThread: Отказано в доступе. (0x5)
[0109/153607.816:ERROR:process_reader_win.cc(151)] SuspendThread: Отказано в доступе. (0x5)
[0109/153607.816:ERROR:process_reader_win.cc(151)] SuspendThread: Отказано в доступе. (0x5)
[0109/153607.816:ERROR:process_reader_win.cc(151)] SuspendThread: Отказано в доступе. (0x5)
[0109/153607.816:ERROR:process_reader_win.cc(151)] SuspendThread: Отказано в доступе. (0x5)
[0109/153607.817:ERROR:process_reader_win.cc(151)] SuspendThread: Отказано в доступе. (0x5)
[0109/153607.817:ERROR:process_reader_win.cc(123)] NtOpenThread: {Отказано в доступе} Процесс запросил доступ к объекту, но права на доступ не предоставлены.  (0xc0000022)
[0109/153607.817:ERROR:exception_snapshot_win.cc(87)] thread ID 5040 not found in process
[0109/153607.817:WARNING:crash_report_exception_handler.cc(62)] ProcessSnapshotWin::Initialize failed
[0109/153903.992:ERROR:process_reader_win.cc(151)] SuspendThread: Отказано в доступе. (0x5)
[0109/153903.999:ERROR:process_reader_win.cc(151)] SuspendThread: Отказано в доступе. (0x5)
[0109/153903.999:ERROR:process_reader_win.cc(151)] SuspendThread: Отказано в доступе. (0x5)
[0109/153903.999:ERROR:process_reader_win.cc(151)] SuspendThread: Отказано в доступе. (0x5)
[0109/153903.999:ERROR:process_reader_win.cc(151)] SuspendThread: Отказано в доступе. (0x5)
[0109/153903.999:ERROR:process_reader_win.cc(123)] NtOpenThread: {Отказано в доступе} Процесс запросил доступ к объекту, но права на доступ не предоставлены.  (0xc0000022)
[0109/153904.000:ERROR:exception_snapshot_win.cc(87)] thread ID 7880 not found in process
[0109/153904.000:WARNING:crash_report_exception_handler.cc(62)] ProcessSnapshotWin::Initialize failed
[0109/154247.639:ERROR:process_reader_win.cc(151)] SuspendThread: Отказано в доступе. (0x5)
[0109/154247.640:ERROR:process_reader_win.cc(123)] NtOpenThread: {Отказано в доступе} Процесс запросил доступ к объекту, но права на доступ не предоставлены.  (0xc0000022)
[0109/154247.641:ERROR:exception_snapshot_win.cc(87)] thread ID 10712 not found in process
[0109/154247.641:WARNING:crash_report_exception_handler.cc(62)] ProcessSnapshotWin::Initialize failed
[0109/155305.083:ERROR:process_reader_win.cc(151)] SuspendThread: Отказано в доступе. (0x5)
[0109/155305.086:ERROR:process_reader_win.cc(151)] SuspendThread: Отказано в доступе. (0x5)
[0109/155305.086:ERROR:process_reader_win.cc(151)] SuspendThread: Отказано в доступе. (0x5)
[0109/155305.087:ERROR:process_reader_win.cc(123)] NtOpenThread: {Отказано в доступе} Процесс запросил доступ к объекту, но права на доступ не предоставлены.  (0xc0000022)
[0109/155305.087:ERROR:exception_snapshot_win.cc(87)] thread ID 15764 not found in process
[0109/155305.087:WARNING:crash_report_exception_handler.cc(62)] ProcessSnapshotWin::Initialize failed
[0112/142505.060:ERROR:process_reader_win.cc(123)] NtOpenThread: {Отказано в доступе} Процесс запросил доступ к объекту, но права на доступ не предоставлены.  (0xc0000022)
[0112/142505.076:ERROR:exception_snapshot_win.cc(87)] thread ID 5092 not found in process
[0112/142505.076:WARNING:crash_report_exception_handler.cc(62)] ProcessSnapshotWin::Initialize failed
[0112/142505.079:ERROR:process_reader_win.cc(123)] NtOpenThread: {Отказано в доступе} Процесс запросил доступ к объекту, но права на доступ не предоставлены.  (0xc0000022)
[0112/142505.088:ERROR:exception_snapshot_win.cc(87)] thread ID 16716 not found in process
[0112/142505.088:WARNING:crash_report_exception_handler.cc(62)] ProcessSnapshotWin::Initialize failed
[0112/142918.511:ERROR:process_reader_win.cc(123)] NtOpenThread: {Отказано в доступе} Процесс запросил доступ к объекту, но права на доступ не предоставлены.  (0xc0000022)
[0112/142918.511:ERROR:exception_snapshot_win.cc(87)] thread ID 6136 not found in process
[0112/142918.511:WARNING:crash_report_exception_handler.cc(62)] ProcessSnapshotWin::Initialize failed
[0112/143305.576:ERROR:process_reader_win.cc(151)] SuspendThread: Отказано в доступе. (0x5)
[0112/143305.584:ERROR:process_reader_win.cc(151)] SuspendThread: Отказано в доступе. (0x5)
[0112/143305.584:ERROR:process_reader_win.cc(151)] SuspendThread: Отказано в доступе. (0x5)
[0112/143305.584:ERROR:process_reader_win.cc(151)] SuspendThread: Отказано в доступе. (0x5)
[0112/143305.584:ERROR:process_reader_win.cc(123)] NtOpenThread: {Отказано в доступе} Процесс запросил доступ к объекту, но права на доступ не предоставлены.  (0xc0000022)
[0112/143305.585:ERROR:exception_snapshot_win.cc(87)] thread ID 12860 not found in process
[0112/143305.585:WARNING:crash_report_exception_handler.cc(62)] ProcessSnapshotWin::Initialize failed
[0112/144009.313:ERROR:process_reader_win.cc(123)] NtOpenThread: {Отказано в доступе} Процесс запросил доступ к объекту, но права на доступ не предоставлены.  (0xc0000022)
[0112/144009.315:ERROR:exception_snapshot_win.cc(87)] thread ID 12184 not found in process
[0112/144009.315:WARNING:crash_report_exception_handler.cc(62)] ProcessSnapshotWin::Initialize failed
[0112/164127.651:ERROR:process_reader_win.cc(151)] SuspendThread: Отказано в доступе. (0x5)
[0112/164127.653:ERROR:process_reader_win.cc(151)] SuspendThread: Отказано в доступе. (0x5)
[0112/164127.653:ERROR:process_reader_win.cc(151)] SuspendThread: Отказано в доступе. (0x5)
[0112/164127.653:ERROR:process_reader_win.cc(151)] SuspendThread: Отказано в доступе. (0x5)
[0112/164127.653:ERROR:process_reader_win.cc(123)] NtOpenThread: {Отказано в доступе} Процесс запросил доступ к объекту, но права на доступ не предоставлены.  (0xc0000022)
[0112/164127.667:ERROR:exception_snapshot_win.cc(87)] thread ID 12300 not found in process
[0112/164127.667:WARNING:crash_report_exception_handler.cc(62)] ProcessSnapshotWin::Initialize failed
[0112/164257.689:ERROR:process_reader_win.cc(151)] SuspendThread: Отказано в доступе. (0x5)
[0112/164257.691:ERROR:process_reader_win.cc(151)] SuspendThread: Отказано в доступе. (0x5)
[0112/164257.691:ERROR:process_reader_win.cc(123)] NtOpenThread: {Отказано в доступе} Процесс запросил доступ к объекту, но права на доступ не предоставлены.  (0xc0000022)
[0112/164257.691:ERROR:exception_snapshot_win.cc(87)] thread ID 15600 not found in process
[0112/164257.691:WARNING:crash_report_exception_handler.cc(62)] ProcessSnapshotWin::Initialize failed
[0112/164257.785:ERROR:process_reader_win.cc(123)] NtOpenThread: {Отказано в доступе} Процесс запросил доступ к объекту, но права на доступ не предоставлены.  (0xc0000022)
[0112/164257.786:ERROR:exception_snapshot_win.cc(87)] thread ID 17228 not found in process
[0112/164257.786:WARNING:crash_report_exception_handler.cc(62)] ProcessSnapshotWin::Initialize failed
[0112/164257.978:ERROR:process_reader_win.cc(151)] SuspendThread: Отказано в доступе. (0x5)
[0112/164257.979:ERROR:process_reader_win.cc(151)] SuspendThread: Отказано в доступе. (0x5)
[0112/164257.980:ERROR:process_reader_win.cc(151)] SuspendThread: Отказано в доступе. (0x5)
[0112/164257.980:ERROR:process_reader_win.cc(151)] SuspendThread: Отказано в доступе. (0x5)
[0112/164257.980:ERROR:process_reader_win.cc(151)] SuspendThread: Отказано в доступе. (0x5)
[0112/164257.980:ERROR:process_reader_win.cc(123)] NtOpenThread: {Отказано в доступе} Процесс запросил доступ к объекту, но права на доступ не предоставлены.  (0xc0000022)
[0112/164257.980:ERROR:exception_snapshot_win.cc(87)] thread ID 7760 not found in process
[0112/164257.980:WARNING:crash_report_exception_handler.cc(62)] ProcessSnapshotWin::Initialize failed
